<?xml version="1.0" encoding="UTF-8"?>
<testsuites tests="1" failures="1" disabled="0" errors="0" timestamp="2022-11-21T21:49:24" time="0.018" name="AllTests">
  <testsuite name="LockManagerTest" tests="1" failures="1" disabled="0" errors="0" time="0.018">
    <testcase name="BasicTest" status="run" time="0.018" classname="LockManagerTest">
      <failure message="/home/northernland/Documents/scudb_initial/test/concurrency/lock_manager_test.cpp:25&#x0A;Value of: true&#x0A;Expected: res&#x0A;Which is: false" type=""><![CDATA[/home/northernland/Documents/scudb_initial/test/concurrency/lock_manager_test.cpp:25
Value of: true
Expected: res
Which is: false]]></failure>
      <failure message="/home/northernland/Documents/scudb_initial/test/concurrency/lock_manager_test.cpp:34&#x0A;Value of: true&#x0A;Expected: res&#x0A;Which is: false" type=""><![CDATA[/home/northernland/Documents/scudb_initial/test/concurrency/lock_manager_test.cpp:34
Value of: true
Expected: res
Which is: false]]></failure>
    </testcase>
  </testsuite>
</testsuites>
